<?xml version="1.0" encoding="UTF-8"?>
<testsuite xmlns:xsi="http://www.w3.org/2001/XMLSchema-instance" xsi:noNamespaceSchemaLocation="https://maven.apache.org/surefire/maven-surefire-plugin/xsd/surefire-test-report.xsd" name="com.thrid.party.codec.demo.ProtocolServiceImplTest" time="0.172" tests="4" errors="0" skipped="0" failures="0">
  <properties>
    <property name="sun.desktop" value="windows"/>
    <property name="awt.toolkit" value="sun.awt.windows.WToolkit"/>
    <property name="file.encoding.pkg" value="sun.io"/>
    <property name="java.specification.version" value="1.8"/>
    <property name="sun.cpu.isalist" value="amd64"/>
    <property name="sun.jnu.encoding" value="GBK"/>
    <property name="java.class.path" value="D:\DefStudio\Project\PassThrough_Plugins\target\test-classes;D:\DefStudio\Project\PassThrough_Plugins\target\classes;C:\Users\Def_Lin\.m2\repository\junit\junit\4.11\junit-4.11.jar;C:\Users\Def_Lin\.m2\repository\org\hamcrest\hamcrest-core\1.3\hamcrest-core-1.3.jar;C:\Users\Def_Lin\.m2\repository\org\slf4j\slf4j-api\1.7.6\slf4j-api-1.7.6.jar;C:\Users\Def_Lin\.m2\repository\com\fasterxml\jackson\core\jackson-databind\2.7.4\jackson-databind-2.7.4.jar;C:\Users\Def_Lin\.m2\repository\com\fasterxml\jackson\core\jackson-annotations\2.7.0\jackson-annotations-2.7.0.jar;C:\Users\Def_Lin\.m2\repository\com\fasterxml\jackson\core\jackson-core\2.7.4\jackson-core-2.7.4.jar;D:\DefStudio\Project\PassThrough_Plugins\lib\com.huawei.m2m.cig.tup-1.3.1.jar;C:\Users\Def_Lin\.m2\repository\net\sf\json-lib\json-lib\2.4\json-lib-2.4-jdk15.jar;C:\Users\Def_Lin\.m2\repository\commons-beanutils\commons-beanutils\1.8.0\commons-beanutils-1.8.0.jar;C:\Users\Def_Lin\.m2\repository\commons-collections\commons-collections\3.2.1\commons-collections-3.2.1.jar;C:\Users\Def_Lin\.m2\repository\commons-lang\commons-lang\2.5\commons-lang-2.5.jar;C:\Users\Def_Lin\.m2\repository\commons-logging\commons-logging\1.1.1\commons-logging-1.1.1.jar;C:\Users\Def_Lin\.m2\repository\net\sf\ezmorph\ezmorph\1.0.6\ezmorph-1.0.6.jar;"/>
    <property name="java.vm.vendor" value="Oracle Corporation"/>
    <property name="sun.arch.data.model" value="64"/>
    <property name="user.variant" value=""/>
    <property name="java.vendor.url" value="http://java.oracle.com/"/>
    <property name="user.timezone" value=""/>
    <property name="java.vm.specification.version" value="1.8"/>
    <property name="os.name" value="Windows 10"/>
    <property name="user.country" value="CN"/>
    <property name="sun.java.launcher" value="SUN_STANDARD"/>
    <property name="sun.boot.library.path" value="C:\Program Files\Java\jdk1.8.0_111\jre\bin"/>
    <property name="sun.java.command" value="C:\Users\Def_Lin\AppData\Local\Temp\surefire2896831387719339603\surefirebooter2662587712432321761.jar C:\Users\Def_Lin\AppData\Local\Temp\surefire2896831387719339603 2019-06-03T14-17-23_805-jvmRun1 surefire5072616362476783344tmp surefire_0902163923980321347tmp"/>
    <property name="surefire.test.class.path" value="D:\DefStudio\Project\PassThrough_Plugins\target\test-classes;D:\DefStudio\Project\PassThrough_Plugins\target\classes;C:\Users\Def_Lin\.m2\repository\junit\junit\4.11\junit-4.11.jar;C:\Users\Def_Lin\.m2\repository\org\hamcrest\hamcrest-core\1.3\hamcrest-core-1.3.jar;C:\Users\Def_Lin\.m2\repository\org\slf4j\slf4j-api\1.7.6\slf4j-api-1.7.6.jar;C:\Users\Def_Lin\.m2\repository\com\fasterxml\jackson\core\jackson-databind\2.7.4\jackson-databind-2.7.4.jar;C:\Users\Def_Lin\.m2\repository\com\fasterxml\jackson\core\jackson-annotations\2.7.0\jackson-annotations-2.7.0.jar;C:\Users\Def_Lin\.m2\repository\com\fasterxml\jackson\core\jackson-core\2.7.4\jackson-core-2.7.4.jar;D:\DefStudio\Project\PassThrough_Plugins\lib\com.huawei.m2m.cig.tup-1.3.1.jar;C:\Users\Def_Lin\.m2\repository\net\sf\json-lib\json-lib\2.4\json-lib-2.4-jdk15.jar;C:\Users\Def_Lin\.m2\repository\commons-beanutils\commons-beanutils\1.8.0\commons-beanutils-1.8.0.jar;C:\Users\Def_Lin\.m2\repository\commons-collections\commons-collections\3.2.1\commons-collections-3.2.1.jar;C:\Users\Def_Lin\.m2\repository\commons-lang\commons-lang\2.5\commons-lang-2.5.jar;C:\Users\Def_Lin\.m2\repository\commons-logging\commons-logging\1.1.1\commons-logging-1.1.1.jar;C:\Users\Def_Lin\.m2\repository\net\sf\ezmorph\ezmorph\1.0.6\ezmorph-1.0.6.jar;"/>
    <property name="sun.cpu.endian" value="little"/>
    <property name="user.home" value="C:\Users\Def_Lin"/>
    <property name="user.language" value="zh"/>
    <property name="java.specification.vendor" value="Oracle Corporation"/>
    <property name="java.home" value="C:\Program Files\Java\jdk1.8.0_111\jre"/>
    <property name="basedir" value="D:\DefStudio\Project\PassThrough_Plugins"/>
    <property name="file.separator" value="\"/>
    <property name="line.separator" value="&#10;"/>
    <property name="java.vm.specification.vendor" value="Oracle Corporation"/>
    <property name="java.specification.name" value="Java Platform API Specification"/>
    <property name="java.awt.graphicsenv" value="sun.awt.Win32GraphicsEnvironment"/>
    <property name="surefire.real.class.path" value="C:\Users\Def_Lin\AppData\Local\Temp\surefire2896831387719339603\surefirebooter2662587712432321761.jar"/>
    <property name="sun.boot.class.path" value="C:\Program Files\Java\jdk1.8.0_111\jre\lib\resources.jar;C:\Program Files\Java\jdk1.8.0_111\jre\lib\rt.jar;C:\Program Files\Java\jdk1.8.0_111\jre\lib\sunrsasign.jar;C:\Program Files\Java\jdk1.8.0_111\jre\lib\jsse.jar;C:\Program Files\Java\jdk1.8.0_111\jre\lib\jce.jar;C:\Program Files\Java\jdk1.8.0_111\jre\lib\charsets.jar;C:\Program Files\Java\jdk1.8.0_111\jre\lib\jfr.jar;C:\Program Files\Java\jdk1.8.0_111\jre\classes"/>
    <property name="user.script" value=""/>
    <property name="sun.management.compiler" value="HotSpot 64-Bit Tiered Compilers"/>
    <property name="java.runtime.version" value="1.8.0_111-b14"/>
    <property name="user.name" value="Def_Lin"/>
    <property name="path.separator" value=";"/>
    <property name="os.version" value="10.0"/>
    <property name="java.endorsed.dirs" value="C:\Program Files\Java\jdk1.8.0_111\jre\lib\endorsed"/>
    <property name="java.runtime.name" value="Java(TM) SE Runtime Environment"/>
    <property name="file.encoding" value="GBK"/>
    <property name="java.vm.name" value="Java HotSpot(TM) 64-Bit Server VM"/>
    <property name="localRepository" value="C:\Users\Def_Lin\.m2\repository"/>
    <property name="java.vendor.url.bug" value="http://bugreport.sun.com/bugreport/"/>
    <property name="java.io.tmpdir" value="C:\Users\Def_Lin\AppData\Local\Temp\"/>
    <property name="java.version" value="1.8.0_111"/>
    <property name="user.dir" value="D:\DefStudio\Project\PassThrough_Plugins"/>
    <property name="os.arch" value="amd64"/>
    <property name="java.vm.specification.name" value="Java Virtual Machine Specification"/>
    <property name="java.awt.printerjob" value="sun.awt.windows.WPrinterJob"/>
    <property name="sun.os.patch.level" value=""/>
    <property name="java.library.path" value="C:\Program Files\Java\jdk1.8.0_111\jre\bin;C:\WINDOWS\Sun\Java\bin;C:\WINDOWS\system32;C:\WINDOWS;C:\Program Files (x86)\Common Files\Oracle\Java\javapath;C:\Python27\;C:\Python27\Scripts;C:\ProgramData\Oracle\Java\javapath;C:\WINDOWS\system32;C:\WINDOWS;C:\WINDOWS\System32\Wbem;C:\WINDOWS\System32\WindowsPowerShell\v1.0\;&quot;C:\Program Files\Java\jdk1.8.0_111\bin;C:\Program Files\Java\jdk1.8.0_111\jre\bin&quot;;D:\Tools\apache-maven-3.5.0-bin\apache-maven-3.5.0\bin;C:\Program Files\Git\cmd;C:\Program Files (x86)\STMicroelectronics\STM32 ST-LINK Utility\ST-LINK Utility;C:\Program Files (x86)\Tesseract-OCR;C:\WINDOWS\System32\OpenSSH\;C:\Program Files (x86)\Neul\UpdatePackage;C:\Program Files (x86)\Neul\UEUpdaterUI;C:\Program Files (x86)\Neul\UEUpdaterCLI;C:\MinGW\bin;C:\Program Files\dotnet\;C:\Program Files (x86)\Neul\SsbLoader;D:\常用工具\Nmap;C:\Program Files\LLVM\bin;D:\Tools\NodeJS\;D:\Tools\PuTTY\;D:\DefStudio\Blog\node_modules\.bin;D:\Tools\gcc-arm-none-eabi-7-2017-q4-major-win32\bin;C:\Users\Def_Lin\AppData\Local\Programs\Python\Python37\Scripts\;C:\Users\Def_Lin\AppData\Local\Programs\Python\Python37\;C:\Users\Def_Lin\scoop\shims;C:\Program Files (x86)\GNU Tools ARM Embedded\5.4 2016q3\bin;D:\Microsoft VS Code\bin;C:\Users\Def_Lin\AppData\Local\Microsoft\WindowsApps;D:\apache-maven-3.5.0-bin\apache-maven-3.5.0\bin;C:\Program Files\Java\jdk1.8.0_111\bin;C:\Program Files (x86)\Tesseract-OCR;C:\Program Files\Java\jdk1.8.0_111\jre\bin;D:\Tools\Microsoft VS Code\bin;D:\常用工具\Fiddler;D:\常用工具\Nmap;C:\Users\Def_Lin\AppData\Local\Microsoft\WindowsApps;C:\Users\Def_Lin\AppData\Local\GitHubDesktop\bin;C:\ProgramData\Def_Lin\GitHubDesktop\bin;C:\Users\Def_Lin\AppData\Roaming\npm;C:\Users\Def_Lin\AppData\Local\BypassRuntm;;."/>
    <property name="java.vm.info" value="mixed mode"/>
    <property name="java.vendor" value="Oracle Corporation"/>
    <property name="java.vm.version" value="25.111-b14"/>
    <property name="java.ext.dirs" value="C:\Program Files\Java\jdk1.8.0_111\jre\lib\ext;C:\WINDOWS\Sun\Java\lib\ext"/>
    <property name="sun.io.unicode.encoding" value="UnicodeLittle"/>
    <property name="java.class.version" value="52.0"/>
  </properties>
  <testcase name="testDecodeDeviceReportData" classname="com.thrid.party.codec.demo.ProtocolServiceImplTest" time="0.141"/>
  <testcase name="testDecodeDeviceResponseIoT" classname="com.thrid.party.codec.demo.ProtocolServiceImplTest" time="0"/>
  <testcase name="testEncodeIoTSendCommand" classname="com.thrid.party.codec.demo.ProtocolServiceImplTest" time="0"/>
  <testcase name="testEncodeIoTResponseDevice" classname="com.thrid.party.codec.demo.ProtocolServiceImplTest" time="0"/>
</testsuite>